[debug] [2018-10-02T06:16:39.141Z] ----------------------------------------------------------------------
[debug] [2018-10-02T06:16:39.146Z] Command:       D:\Program Files\nodejs\node.exe C:\Users\MSI\AppData\Roaming\npm\node_modules\firebase-tools\bin\firebase serve
[debug] [2018-10-02T06:16:39.146Z] CLI Version:   4.2.1
[debug] [2018-10-02T06:16:39.146Z] Platform:      win32
[debug] [2018-10-02T06:16:39.146Z] Node Version:  v8.12.0
[debug] [2018-10-02T06:16:39.147Z] Time:          Tue Oct 02 2018 14:16:39 GMT+0800 (Malay Peninsula Standard Time)
[debug] [2018-10-02T06:16:39.147Z] ----------------------------------------------------------------------
[debug] 
[debug] [2018-10-02T06:16:39.167Z] > command requires scopes: ["email","openid","https://www.googleapis.com/auth/cloudplatformprojects.readonly","https://www.googleapis.com/auth/firebase","https://www.googleapis.com/auth/cloud-platform"]
[debug] [2018-10-02T06:16:39.169Z] > authorizing via signed-in user
[debug] [2018-10-02T06:16:39.173Z] >>> HTTP REQUEST GET https://admin.firebase.com/v1/projects/my-awesome-project-6dd85  
 
[debug] [2018-10-02T06:16:40.358Z] <<< HTTP RESPONSE 200
[debug] [2018-10-02T06:16:40.361Z] >>> HTTP REQUEST GET https://cloudresourcemanager.googleapis.com/v1/projects/my-awesome-project-6dd85  
 
[debug] [2018-10-02T06:16:41.670Z] <<< HTTP RESPONSE 200
[info] 
[info] === Serving from 'D:\projects\SAdashboard'...
[info] 
[debug] [2018-10-02T06:16:41.688Z] >>> HTTP REQUEST GET https://mobilesdk-pa.googleapis.com/v1/projects/125302731440/clients/_:getWebAppConfig  
 
[debug] [2018-10-02T06:16:42.071Z] <<< HTTP RESPONSE 200
[info] i  hosting[my-awesome-project-6dd85]: Serving hosting files from: public
[info] +  hosting[my-awesome-project-6dd85]: Local server: http://localhost:5000
[debug] [2018-10-02T06:35:49.871Z] ----------------------------------------------------------------------
[debug] [2018-10-02T06:35:49.877Z] Command:       D:\Program Files\nodejs\node.exe C:\Users\MSI\AppData\Roaming\npm\node_modules\firebase-tools\bin\firebase serve
[debug] [2018-10-02T06:35:49.878Z] CLI Version:   4.2.1
[debug] [2018-10-02T06:35:49.878Z] Platform:      win32
[debug] [2018-10-02T06:35:49.878Z] Node Version:  v8.12.0
[debug] [2018-10-02T06:35:49.879Z] Time:          Tue Oct 02 2018 14:35:49 GMT+0800 (Malay Peninsula Standard Time)
[debug] [2018-10-02T06:35:49.879Z] ----------------------------------------------------------------------
[debug] 
[debug] [2018-10-02T06:35:49.905Z] > command requires scopes: ["email","openid","https://www.googleapis.com/auth/cloudplatformprojects.readonly","https://www.googleapis.com/auth/firebase","https://www.googleapis.com/auth/cloud-platform"]
[debug] [2018-10-02T06:35:49.906Z] > authorizing via signed-in user
[debug] [2018-10-02T06:35:49.911Z] > refreshing access token with scopes: ["email","https://www.googleapis.com/auth/cloud-platform","https://www.googleapis.com/auth/cloudplatformprojects.readonly","https://www.googleapis.com/auth/firebase","openid"]
[debug] [2018-10-02T06:35:49.912Z] >>> HTTP REQUEST POST https://www.googleapis.com/oauth2/v3/token  

[debug] [2018-10-02T06:35:50.200Z] <<< HTTP RESPONSE 200
[debug] [2018-10-02T06:35:50.215Z] >>> HTTP REQUEST GET https://admin.firebase.com/v1/projects/my-awesome-project-6dd85  
 
[debug] [2018-10-02T06:35:51.338Z] <<< HTTP RESPONSE 200
[debug] [2018-10-02T06:35:51.341Z] >>> HTTP REQUEST GET https://cloudresourcemanager.googleapis.com/v1/projects/my-awesome-project-6dd85  
 
[debug] [2018-10-02T06:35:52.640Z] <<< HTTP RESPONSE 200
[info] 
[info] === Serving from 'D:\projects\SAdashboard'...
[info] 
[debug] [2018-10-02T06:35:52.646Z] >>> HTTP REQUEST GET https://mobilesdk-pa.googleapis.com/v1/projects/125302731440/clients/_:getWebAppConfig  
 
[debug] [2018-10-02T06:35:53.023Z] <<< HTTP RESPONSE 200
[info] i  hosting[my-awesome-project-6dd85]: Serving hosting files from: public
[info] +  hosting[my-awesome-project-6dd85]: Local server: http://localhost:5000
[debug] [2018-10-02T06:36:54.412Z] ----------------------------------------------------------------------
[debug] [2018-10-02T06:36:54.419Z] Command:       D:\Program Files\nodejs\node.exe C:\Users\MSI\AppData\Roaming\npm\node_modules\firebase-tools\bin\firebase serve
[debug] [2018-10-02T06:36:54.420Z] CLI Version:   4.2.1
[debug] [2018-10-02T06:36:54.420Z] Platform:      win32
[debug] [2018-10-02T06:36:54.420Z] Node Version:  v8.12.0
[debug] [2018-10-02T06:36:54.422Z] Time:          Tue Oct 02 2018 14:36:54 GMT+0800 (Malay Peninsula Standard Time)
[debug] [2018-10-02T06:36:54.422Z] ----------------------------------------------------------------------
[debug] 
[debug] [2018-10-02T06:36:54.452Z] > command requires scopes: ["email","openid","https://www.googleapis.com/auth/cloudplatformprojects.readonly","https://www.googleapis.com/auth/firebase","https://www.googleapis.com/auth/cloud-platform"]
[debug] [2018-10-02T06:36:54.454Z] > authorizing via signed-in user
[debug] [2018-10-02T06:36:54.461Z] >>> HTTP REQUEST GET https://admin.firebase.com/v1/projects/my-awesome-project-6dd85  
 
[debug] [2018-10-02T06:36:55.542Z] <<< HTTP RESPONSE 200
[debug] [2018-10-02T06:36:55.546Z] >>> HTTP REQUEST GET https://cloudresourcemanager.googleapis.com/v1/projects/my-awesome-project-6dd85  
 
[debug] [2018-10-02T06:36:56.834Z] <<< HTTP RESPONSE 200
[info] 
[info] === Serving from 'D:\projects\SAdashboard'...
[info] 
[debug] [2018-10-02T06:36:56.841Z] >>> HTTP REQUEST GET https://mobilesdk-pa.googleapis.com/v1/projects/125302731440/clients/_:getWebAppConfig  
 
[debug] [2018-10-02T06:36:57.255Z] <<< HTTP RESPONSE 200
[info] i  hosting[my-awesome-project-6dd85]: Serving hosting files from: public
[info] +  hosting[my-awesome-project-6dd85]: Local server: http://localhost:5000
[debug] [2018-10-02T06:45:55.347Z] ----------------------------------------------------------------------
[debug] [2018-10-02T06:45:55.354Z] Command:       D:\Program Files\nodejs\node.exe C:\Users\MSI\AppData\Roaming\npm\node_modules\firebase-tools\bin\firebase serve
[debug] [2018-10-02T06:45:55.355Z] CLI Version:   4.2.1
[debug] [2018-10-02T06:45:55.355Z] Platform:      win32
[debug] [2018-10-02T06:45:55.355Z] Node Version:  v8.12.0
[debug] [2018-10-02T06:45:55.357Z] Time:          Tue Oct 02 2018 14:45:55 GMT+0800 (Malay Peninsula Standard Time)
[debug] [2018-10-02T06:45:55.357Z] ----------------------------------------------------------------------
[debug] 
[debug] [2018-10-02T06:45:55.391Z] > command requires scopes: ["email","openid","https://www.googleapis.com/auth/cloudplatformprojects.readonly","https://www.googleapis.com/auth/firebase","https://www.googleapis.com/auth/cloud-platform"]
[debug] [2018-10-02T06:45:55.393Z] > authorizing via signed-in user
[debug] [2018-10-02T06:45:55.401Z] >>> HTTP REQUEST GET https://admin.firebase.com/v1/projects/my-awesome-project-6dd85  
 
[debug] [2018-10-02T06:45:56.711Z] <<< HTTP RESPONSE 200
[debug] [2018-10-02T06:45:56.714Z] >>> HTTP REQUEST GET https://cloudresourcemanager.googleapis.com/v1/projects/my-awesome-project-6dd85  
 
[debug] [2018-10-02T06:45:58.119Z] <<< HTTP RESPONSE 200
[info] 
[info] === Serving from 'D:\projects\SAdashboard'...
[info] 
[debug] [2018-10-02T06:45:58.125Z] >>> HTTP REQUEST GET https://mobilesdk-pa.googleapis.com/v1/projects/125302731440/clients/_:getWebAppConfig  
 
[debug] [2018-10-02T06:45:58.563Z] <<< HTTP RESPONSE 200
[info] i  hosting[my-awesome-project-6dd85]: Serving hosting files from: public
[info] +  hosting[my-awesome-project-6dd85]: Local server: http://localhost:5000
[debug] [2018-10-02T06:47:52.251Z] ----------------------------------------------------------------------
[debug] [2018-10-02T06:47:52.259Z] Command:       D:\Program Files\nodejs\node.exe C:\Users\MSI\AppData\Roaming\npm\node_modules\firebase-tools\bin\firebase serve
[debug] [2018-10-02T06:47:52.259Z] CLI Version:   4.2.1
[debug] [2018-10-02T06:47:52.259Z] Platform:      win32
[debug] [2018-10-02T06:47:52.259Z] Node Version:  v8.12.0
[debug] [2018-10-02T06:47:52.261Z] Time:          Tue Oct 02 2018 14:47:52 GMT+0800 (Malay Peninsula Standard Time)
[debug] [2018-10-02T06:47:52.261Z] ----------------------------------------------------------------------
[debug] 
[debug] [2018-10-02T06:47:52.293Z] > command requires scopes: ["email","openid","https://www.googleapis.com/auth/cloudplatformprojects.readonly","https://www.googleapis.com/auth/firebase","https://www.googleapis.com/auth/cloud-platform"]
[debug] [2018-10-02T06:47:52.296Z] > authorizing via signed-in user
[debug] [2018-10-02T06:47:52.303Z] >>> HTTP REQUEST GET https://admin.firebase.com/v1/projects/my-awesome-project-6dd85  
 
[debug] [2018-10-02T06:47:53.565Z] <<< HTTP RESPONSE 200
[debug] [2018-10-02T06:47:53.569Z] >>> HTTP REQUEST GET https://cloudresourcemanager.googleapis.com/v1/projects/my-awesome-project-6dd85  
 
[debug] [2018-10-02T06:47:54.949Z] <<< HTTP RESPONSE 200
[info] 
[info] === Serving from 'D:\projects\SAdashboard'...
[info] 
[debug] [2018-10-02T06:47:54.955Z] >>> HTTP REQUEST GET https://mobilesdk-pa.googleapis.com/v1/projects/125302731440/clients/_:getWebAppConfig  
 
[debug] [2018-10-02T06:47:55.382Z] <<< HTTP RESPONSE 200
[info] i  hosting[my-awesome-project-6dd85]: Serving hosting files from: public
[info] +  hosting[my-awesome-project-6dd85]: Local server: http://localhost:5000
[debug] [2018-10-02T06:49:50.991Z] ----------------------------------------------------------------------
[debug] [2018-10-02T06:49:50.997Z] Command:       D:\Program Files\nodejs\node.exe C:\Users\MSI\AppData\Roaming\npm\node_modules\firebase-tools\bin\firebase serve
[debug] [2018-10-02T06:49:50.998Z] CLI Version:   4.2.1
[debug] [2018-10-02T06:49:50.998Z] Platform:      win32
[debug] [2018-10-02T06:49:50.998Z] Node Version:  v8.12.0
[debug] [2018-10-02T06:49:51.000Z] Time:          Tue Oct 02 2018 14:49:50 GMT+0800 (Malay Peninsula Standard Time)
[debug] [2018-10-02T06:49:51.000Z] ----------------------------------------------------------------------
[debug] 
[debug] [2018-10-02T06:49:51.028Z] > command requires scopes: ["email","openid","https://www.googleapis.com/auth/cloudplatformprojects.readonly","https://www.googleapis.com/auth/firebase","https://www.googleapis.com/auth/cloud-platform"]
[debug] [2018-10-02T06:49:51.030Z] > authorizing via signed-in user
[debug] [2018-10-02T06:49:51.036Z] >>> HTTP REQUEST GET https://admin.firebase.com/v1/projects/my-awesome-project-6dd85  
 
[debug] [2018-10-02T06:49:52.149Z] <<< HTTP RESPONSE 200
[debug] [2018-10-02T06:49:52.153Z] >>> HTTP REQUEST GET https://cloudresourcemanager.googleapis.com/v1/projects/my-awesome-project-6dd85  
 
[debug] [2018-10-02T06:49:53.492Z] <<< HTTP RESPONSE 200
[info] 
[info] === Serving from 'D:\projects\SAdashboard'...
[info] 
[debug] [2018-10-02T06:49:53.498Z] >>> HTTP REQUEST GET https://mobilesdk-pa.googleapis.com/v1/projects/125302731440/clients/_:getWebAppConfig  
 
[debug] [2018-10-02T06:49:53.884Z] <<< HTTP RESPONSE 200
[info] i  hosting[my-awesome-project-6dd85]: Serving hosting files from: public
[info] +  hosting[my-awesome-project-6dd85]: Local server: http://localhost:5000
[debug] [2018-10-21T06:39:59.386Z] ----------------------------------------------------------------------
[debug] [2018-10-21T06:39:59.386Z] Command:       D:\Program Files\nodejs\node.exe C:\Users\MSI\AppData\Roaming\npm\node_modules\firebase-tools\bin\firebase serve
[debug] [2018-10-21T06:39:59.386Z] CLI Version:   4.2.1
[debug] [2018-10-21T06:39:59.386Z] Platform:      win32
[debug] [2018-10-21T06:39:59.386Z] Node Version:  v8.12.0
[debug] [2018-10-21T06:39:59.386Z] Time:          Sun Oct 21 2018 14:39:59 GMT+0800 (Malay Peninsula Standard Time)
[debug] [2018-10-21T06:39:59.386Z] ----------------------------------------------------------------------
[debug] 
[debug] [2018-10-21T06:39:59.455Z] > command requires scopes: ["email","openid","https://www.googleapis.com/auth/cloudplatformprojects.readonly","https://www.googleapis.com/auth/firebase","https://www.googleapis.com/auth/cloud-platform"]
[debug] [2018-10-21T06:39:59.455Z] > authorizing via signed-in user
[debug] [2018-10-21T06:39:59.455Z] > refreshing access token with scopes: ["email","https://www.googleapis.com/auth/cloud-platform","https://www.googleapis.com/auth/cloudplatformprojects.readonly","https://www.googleapis.com/auth/firebase","openid"]
[debug] [2018-10-21T06:39:59.455Z] >>> HTTP REQUEST POST https://www.googleapis.com/oauth2/v3/token  

[debug] [2018-10-21T06:40:01.535Z] <<< HTTP RESPONSE 200
[debug] [2018-10-21T06:40:01.535Z] >>> HTTP REQUEST GET https://admin.firebase.com/v1/projects/my-awesome-project-6dd85  
 
[debug] [2018-10-21T06:40:04.205Z] <<< HTTP RESPONSE 200
[debug] [2018-10-21T06:40:04.216Z] >>> HTTP REQUEST GET https://cloudresourcemanager.googleapis.com/v1/projects/my-awesome-project-6dd85  
 
[debug] [2018-10-21T06:40:06.396Z] <<< HTTP RESPONSE 200
[info] 
[info] === Serving from 'D:\projects\SAdashboard'...
[info] 
[debug] [2018-10-21T06:40:06.405Z] >>> HTTP REQUEST GET https://mobilesdk-pa.googleapis.com/v1/projects/125302731440/clients/_:getWebAppConfig  
 
[debug] [2018-10-21T06:40:08.874Z] <<< HTTP RESPONSE 200
[info] i  hosting[my-awesome-project-6dd85]: Serving hosting files from: public
[info] +  hosting[my-awesome-project-6dd85]: Local server: http://localhost:5000
[debug] [2018-10-26T07:56:03.843Z] ----------------------------------------------------------------------
[debug] [2018-10-26T07:56:03.846Z] Command:       D:\Program Files\nodejs\node.exe C:\Users\MSI\AppData\Roaming\npm\node_modules\firebase-tools\bin\firebase serve
[debug] [2018-10-26T07:56:03.846Z] CLI Version:   4.2.1
[debug] [2018-10-26T07:56:03.846Z] Platform:      win32
[debug] [2018-10-26T07:56:03.846Z] Node Version:  v8.12.0
[debug] [2018-10-26T07:56:03.846Z] Time:          Fri Oct 26 2018 15:56:03 GMT+0800 (Malay Peninsula Standard Time)
[debug] [2018-10-26T07:56:03.846Z] ----------------------------------------------------------------------
[debug] 
[debug] [2018-10-26T07:56:03.873Z] > command requires scopes: ["email","openid","https://www.googleapis.com/auth/cloudplatformprojects.readonly","https://www.googleapis.com/auth/firebase","https://www.googleapis.com/auth/cloud-platform"]
[debug] [2018-10-26T07:56:03.874Z] > authorizing via signed-in user
[debug] [2018-10-26T07:56:03.876Z] > refreshing access token with scopes: ["email","https://www.googleapis.com/auth/cloud-platform","https://www.googleapis.com/auth/cloudplatformprojects.readonly","https://www.googleapis.com/auth/firebase","openid"]
[debug] [2018-10-26T07:56:03.876Z] >>> HTTP REQUEST POST https://www.googleapis.com/oauth2/v3/token  

[debug] [2018-10-26T07:56:04.126Z] <<< HTTP RESPONSE 200
[debug] [2018-10-26T07:56:04.133Z] >>> HTTP REQUEST GET https://admin.firebase.com/v1/projects/my-awesome-project-6dd85  
 
[debug] [2018-10-26T07:56:05.386Z] <<< HTTP RESPONSE 200
[debug] [2018-10-26T07:56:05.387Z] >>> HTTP REQUEST GET https://cloudresourcemanager.googleapis.com/v1/projects/my-awesome-project-6dd85  
 
[debug] [2018-10-26T07:56:06.692Z] <<< HTTP RESPONSE 200
[info] 
[info] === Serving from 'D:\projects\SAdashboard'...
[info] 
[debug] [2018-10-26T07:56:06.695Z] >>> HTTP REQUEST GET https://mobilesdk-pa.googleapis.com/v1/projects/125302731440/clients/_:getWebAppConfig  
 
[debug] [2018-10-26T07:56:07.174Z] <<< HTTP RESPONSE 200
[info] i  hosting[my-awesome-project-6dd85]: Serving hosting files from: public
[info] +  hosting[my-awesome-project-6dd85]: Local server: http://localhost:5000
[debug] [2018-10-26T07:59:16.831Z] ----------------------------------------------------------------------
[debug] [2018-10-26T07:59:16.833Z] Command:       D:\Program Files\nodejs\node.exe C:\Users\MSI\AppData\Roaming\npm\node_modules\firebase-tools\bin\firebase serve
[debug] [2018-10-26T07:59:16.833Z] CLI Version:   4.2.1
[debug] [2018-10-26T07:59:16.833Z] Platform:      win32
[debug] [2018-10-26T07:59:16.833Z] Node Version:  v8.12.0
[debug] [2018-10-26T07:59:16.834Z] Time:          Fri Oct 26 2018 15:59:16 GMT+0800 (Malay Peninsula Standard Time)
[debug] [2018-10-26T07:59:16.834Z] ----------------------------------------------------------------------
[debug] 
[debug] [2018-10-26T07:59:16.843Z] > command requires scopes: ["email","openid","https://www.googleapis.com/auth/cloudplatformprojects.readonly","https://www.googleapis.com/auth/firebase","https://www.googleapis.com/auth/cloud-platform"]
[debug] [2018-10-26T07:59:16.844Z] > authorizing via signed-in user
[debug] [2018-10-26T07:59:16.846Z] >>> HTTP REQUEST GET https://admin.firebase.com/v1/projects/my-awesome-project-6dd85  
 
[debug] [2018-10-26T07:59:17.886Z] <<< HTTP RESPONSE 200
[debug] [2018-10-26T07:59:17.887Z] >>> HTTP REQUEST GET https://cloudresourcemanager.googleapis.com/v1/projects/my-awesome-project-6dd85  
 
[debug] [2018-10-26T07:59:19.202Z] <<< HTTP RESPONSE 200
[info] 
[info] === Serving from 'D:\projects\SAdashboard'...
[info] 
[debug] [2018-10-26T07:59:19.205Z] >>> HTTP REQUEST GET https://mobilesdk-pa.googleapis.com/v1/projects/125302731440/clients/_:getWebAppConfig  
 
[debug] [2018-10-26T07:59:19.654Z] <<< HTTP RESPONSE 200
[info] i  hosting[my-awesome-project-6dd85]: Serving hosting files from: public
[info] +  hosting[my-awesome-project-6dd85]: Local server: http://localhost:5000
[debug] [2018-10-26T08:01:36.548Z] ----------------------------------------------------------------------
[debug] [2018-10-26T08:01:36.551Z] Command:       D:\Program Files\nodejs\node.exe C:\Users\MSI\AppData\Roaming\npm\node_modules\firebase-tools\bin\firebase serve
[debug] [2018-10-26T08:01:36.551Z] CLI Version:   4.2.1
[debug] [2018-10-26T08:01:36.551Z] Platform:      win32
[debug] [2018-10-26T08:01:36.551Z] Node Version:  v8.12.0
[debug] [2018-10-26T08:01:36.551Z] Time:          Fri Oct 26 2018 16:01:36 GMT+0800 (Malay Peninsula Standard Time)
[debug] [2018-10-26T08:01:36.552Z] ----------------------------------------------------------------------
[debug] 
[debug] [2018-10-26T08:01:36.562Z] > command requires scopes: ["email","openid","https://www.googleapis.com/auth/cloudplatformprojects.readonly","https://www.googleapis.com/auth/firebase","https://www.googleapis.com/auth/cloud-platform"]
[debug] [2018-10-26T08:01:36.562Z] > authorizing via signed-in user
[debug] [2018-10-26T08:01:36.564Z] >>> HTTP REQUEST GET https://admin.firebase.com/v1/projects/my-awesome-project-6dd85  
 
[debug] [2018-10-26T08:01:37.666Z] <<< HTTP RESPONSE 200
[debug] [2018-10-26T08:01:37.667Z] >>> HTTP REQUEST GET https://cloudresourcemanager.googleapis.com/v1/projects/my-awesome-project-6dd85  
 
[debug] [2018-10-26T08:01:38.989Z] <<< HTTP RESPONSE 200
[info] 
[info] === Serving from 'D:\projects\SAdashboard'...
[info] 
[debug] [2018-10-26T08:01:38.991Z] >>> HTTP REQUEST GET https://mobilesdk-pa.googleapis.com/v1/projects/125302731440/clients/_:getWebAppConfig  
 
[debug] [2018-10-26T08:01:39.383Z] <<< HTTP RESPONSE 200
[info] i  hosting[my-awesome-project-6dd85]: Serving hosting files from: public
[info] +  hosting[my-awesome-project-6dd85]: Local server: http://localhost:5000
[debug] [2018-10-26T08:28:37.392Z] ----------------------------------------------------------------------
[debug] [2018-10-26T08:28:37.392Z] Command:       D:\Program Files\nodejs\node.exe C:\Users\MSI\AppData\Roaming\npm\node_modules\firebase-tools\bin\firebase serve
[debug] [2018-10-26T08:28:37.392Z] CLI Version:   4.2.1
[debug] [2018-10-26T08:28:37.392Z] Platform:      win32
[debug] [2018-10-26T08:28:37.392Z] Node Version:  v8.12.0
[debug] [2018-10-26T08:28:37.392Z] Time:          Fri Oct 26 2018 16:28:37 GMT+0800 (Malay Peninsula Standard Time)
[debug] [2018-10-26T08:28:37.392Z] ----------------------------------------------------------------------
[debug] 
[debug] [2018-10-26T08:28:37.392Z] > command requires scopes: ["email","openid","https://www.googleapis.com/auth/cloudplatformprojects.readonly","https://www.googleapis.com/auth/firebase","https://www.googleapis.com/auth/cloud-platform"]
[debug] [2018-10-26T08:28:37.392Z] > authorizing via signed-in user
[debug] [2018-10-26T08:28:37.408Z] >>> HTTP REQUEST GET https://admin.firebase.com/v1/projects/my-awesome-project-6dd85  
 
[debug] [2018-10-26T08:28:38.487Z] <<< HTTP RESPONSE 200
[debug] [2018-10-26T08:28:38.487Z] >>> HTTP REQUEST GET https://cloudresourcemanager.googleapis.com/v1/projects/my-awesome-project-6dd85  
 
[debug] [2018-10-26T08:28:39.828Z] <<< HTTP RESPONSE 200
[info] 
[info] === Serving from 'D:\projects\SAdashboard'...
[info] 
[debug] [2018-10-26T08:28:39.828Z] >>> HTTP REQUEST GET https://mobilesdk-pa.googleapis.com/v1/projects/125302731440/clients/_:getWebAppConfig  
 
[debug] [2018-10-26T08:28:40.281Z] <<< HTTP RESPONSE 200
[info] i  hosting[my-awesome-project-6dd85]: Serving hosting files from: public
[info] +  hosting[my-awesome-project-6dd85]: Local server: http://localhost:5000
[debug] [2018-10-26T08:38:57.150Z] ----------------------------------------------------------------------
[debug] [2018-10-26T08:38:57.150Z] Command:       D:\Program Files\nodejs\node.exe C:\Users\MSI\AppData\Roaming\npm\node_modules\firebase-tools\bin\firebase serve
[debug] [2018-10-26T08:38:57.150Z] CLI Version:   4.2.1
[debug] [2018-10-26T08:38:57.150Z] Platform:      win32
[debug] [2018-10-26T08:38:57.150Z] Node Version:  v8.12.0
[debug] [2018-10-26T08:38:57.150Z] Time:          Fri Oct 26 2018 16:38:57 GMT+0800 (Malay Peninsula Standard Time)
[debug] [2018-10-26T08:38:57.150Z] ----------------------------------------------------------------------
[debug] 
[debug] [2018-10-26T08:38:57.166Z] > command requires scopes: ["email","openid","https://www.googleapis.com/auth/cloudplatformprojects.readonly","https://www.googleapis.com/auth/firebase","https://www.googleapis.com/auth/cloud-platform"]
[debug] [2018-10-26T08:38:57.166Z] > authorizing via signed-in user
[debug] [2018-10-26T08:38:57.166Z] >>> HTTP REQUEST GET https://admin.firebase.com/v1/projects/my-awesome-project-6dd85  
 
[debug] [2018-10-26T08:38:58.323Z] <<< HTTP RESPONSE 200
[debug] [2018-10-26T08:38:58.323Z] >>> HTTP REQUEST GET https://cloudresourcemanager.googleapis.com/v1/projects/my-awesome-project-6dd85  
 
[debug] [2018-10-26T08:38:59.652Z] <<< HTTP RESPONSE 200
[info] 
[info] === Serving from 'D:\projects\SAdashboard'...
[info] 
[debug] [2018-10-26T08:38:59.652Z] >>> HTTP REQUEST GET https://mobilesdk-pa.googleapis.com/v1/projects/125302731440/clients/_:getWebAppConfig  
 
[debug] [2018-10-26T08:39:00.108Z] <<< HTTP RESPONSE 200
[info] i  hosting[my-awesome-project-6dd85]: Serving hosting files from: public
[info] +  hosting[my-awesome-project-6dd85]: Local server: http://localhost:5000
[debug] [2018-10-26T08:40:14.015Z] ----------------------------------------------------------------------
[debug] [2018-10-26T08:40:14.015Z] Command:       D:\Program Files\nodejs\node.exe C:\Users\MSI\AppData\Roaming\npm\node_modules\firebase-tools\bin\firebase serve
[debug] [2018-10-26T08:40:14.031Z] CLI Version:   4.2.1
[debug] [2018-10-26T08:40:14.031Z] Platform:      win32
[debug] [2018-10-26T08:40:14.031Z] Node Version:  v8.12.0
[debug] [2018-10-26T08:40:14.031Z] Time:          Fri Oct 26 2018 16:40:14 GMT+0800 (Malay Peninsula Standard Time)
[debug] [2018-10-26T08:40:14.031Z] ----------------------------------------------------------------------
[debug] 
[debug] [2018-10-26T08:40:14.031Z] > command requires scopes: ["email","openid","https://www.googleapis.com/auth/cloudplatformprojects.readonly","https://www.googleapis.com/auth/firebase","https://www.googleapis.com/auth/cloud-platform"]
[debug] [2018-10-26T08:40:14.031Z] > authorizing via signed-in user
[debug] [2018-10-26T08:40:14.031Z] >>> HTTP REQUEST GET https://admin.firebase.com/v1/projects/my-awesome-project-6dd85  
 
[debug] [2018-10-26T08:40:15.125Z] <<< HTTP RESPONSE 200
[debug] [2018-10-26T08:40:15.125Z] >>> HTTP REQUEST GET https://cloudresourcemanager.googleapis.com/v1/projects/my-awesome-project-6dd85  
 
[debug] [2018-10-26T08:40:16.440Z] <<< HTTP RESPONSE 200
[info] 
[info] === Serving from 'D:\projects\SAdashboard'...
[info] 
[debug] [2018-10-26T08:40:16.440Z] >>> HTTP REQUEST GET https://mobilesdk-pa.googleapis.com/v1/projects/125302731440/clients/_:getWebAppConfig  
 
[debug] [2018-10-26T08:40:16.847Z] <<< HTTP RESPONSE 200
[info] i  hosting[my-awesome-project-6dd85]: Serving hosting files from: public
[info] +  hosting[my-awesome-project-6dd85]: Local server: http://localhost:5000
[debug] [2018-10-26T08:41:34.357Z] ----------------------------------------------------------------------
[debug] [2018-10-26T08:41:34.357Z] Command:       D:\Program Files\nodejs\node.exe C:\Users\MSI\AppData\Roaming\npm\node_modules\firebase-tools\bin\firebase serve
[debug] [2018-10-26T08:41:34.357Z] CLI Version:   4.2.1
[debug] [2018-10-26T08:41:34.357Z] Platform:      win32
[debug] [2018-10-26T08:41:34.357Z] Node Version:  v8.12.0
[debug] [2018-10-26T08:41:34.357Z] Time:          Fri Oct 26 2018 16:41:34 GMT+0800 (Malay Peninsula Standard Time)
[debug] [2018-10-26T08:41:34.357Z] ----------------------------------------------------------------------
[debug] 
[debug] [2018-10-26T08:41:34.373Z] > command requires scopes: ["email","openid","https://www.googleapis.com/auth/cloudplatformprojects.readonly","https://www.googleapis.com/auth/firebase","https://www.googleapis.com/auth/cloud-platform"]
[debug] [2018-10-26T08:41:34.373Z] > authorizing via signed-in user
[debug] [2018-10-26T08:41:34.373Z] > refreshing access token with scopes: ["email","https://www.googleapis.com/auth/cloud-platform","https://www.googleapis.com/auth/cloudplatformprojects.readonly","https://www.googleapis.com/auth/firebase","openid"]
[debug] [2018-10-26T08:41:34.373Z] >>> HTTP REQUEST POST https://www.googleapis.com/oauth2/v3/token  

[debug] [2018-10-26T08:41:34.595Z] <<< HTTP RESPONSE 200
[debug] [2018-10-26T08:41:34.610Z] >>> HTTP REQUEST GET https://admin.firebase.com/v1/projects/my-awesome-project-6dd85  
 
[debug] [2018-10-26T08:41:35.594Z] <<< HTTP RESPONSE 200
[debug] [2018-10-26T08:41:35.594Z] >>> HTTP REQUEST GET https://cloudresourcemanager.googleapis.com/v1/projects/my-awesome-project-6dd85  
 
[debug] [2018-10-26T08:41:36.909Z] <<< HTTP RESPONSE 200
[info] 
[info] === Serving from 'D:\projects\SAdashboard'...
[info] 
[debug] [2018-10-26T08:41:36.909Z] >>> HTTP REQUEST GET https://mobilesdk-pa.googleapis.com/v1/projects/125302731440/clients/_:getWebAppConfig  
 
[debug] [2018-10-26T08:41:37.393Z] <<< HTTP RESPONSE 200
[info] i  hosting[my-awesome-project-6dd85]: Serving hosting files from: public
[info] +  hosting[my-awesome-project-6dd85]: Local server: http://localhost:5000
[debug] [2018-10-26T08:43:58.351Z] ----------------------------------------------------------------------
[debug] [2018-10-26T08:43:58.351Z] Command:       D:\Program Files\nodejs\node.exe C:\Users\MSI\AppData\Roaming\npm\node_modules\firebase-tools\bin\firebase serve
[debug] [2018-10-26T08:43:58.351Z] CLI Version:   4.2.1
[debug] [2018-10-26T08:43:58.351Z] Platform:      win32
[debug] [2018-10-26T08:43:58.351Z] Node Version:  v8.12.0
[debug] [2018-10-26T08:43:58.351Z] Time:          Fri Oct 26 2018 16:43:58 GMT+0800 (Malay Peninsula Standard Time)
[debug] [2018-10-26T08:43:58.351Z] ----------------------------------------------------------------------
[debug] 
[debug] [2018-10-26T08:43:58.367Z] > command requires scopes: ["email","openid","https://www.googleapis.com/auth/cloudplatformprojects.readonly","https://www.googleapis.com/auth/firebase","https://www.googleapis.com/auth/cloud-platform"]
[debug] [2018-10-26T08:43:58.367Z] > authorizing via signed-in user
[debug] [2018-10-26T08:43:58.367Z] >>> HTTP REQUEST GET https://admin.firebase.com/v1/projects/my-awesome-project-6dd85  
 
[debug] [2018-10-26T08:43:59.462Z] <<< HTTP RESPONSE 200
[debug] [2018-10-26T08:43:59.462Z] >>> HTTP REQUEST GET https://cloudresourcemanager.googleapis.com/v1/projects/my-awesome-project-6dd85  
 
[debug] [2018-10-26T08:44:00.778Z] <<< HTTP RESPONSE 200
[info] 
[info] === Serving from 'D:\projects\SAdashboard'...
[info] 
[debug] [2018-10-26T08:44:00.793Z] >>> HTTP REQUEST GET https://mobilesdk-pa.googleapis.com/v1/projects/125302731440/clients/_:getWebAppConfig  
 
[debug] [2018-10-26T08:44:01.215Z] <<< HTTP RESPONSE 200
[info] i  hosting[my-awesome-project-6dd85]: Serving hosting files from: public
[info] +  hosting[my-awesome-project-6dd85]: Local server: http://localhost:5000
[debug] [2018-10-26T08:46:21.431Z] ----------------------------------------------------------------------
[debug] [2018-10-26T08:46:21.431Z] Command:       D:\Program Files\nodejs\node.exe C:\Users\MSI\AppData\Roaming\npm\node_modules\firebase-tools\bin\firebase serve
[debug] [2018-10-26T08:46:21.431Z] CLI Version:   4.2.1
[debug] [2018-10-26T08:46:21.431Z] Platform:      win32
[debug] [2018-10-26T08:46:21.431Z] Node Version:  v8.12.0
[debug] [2018-10-26T08:46:21.431Z] Time:          Fri Oct 26 2018 16:46:21 GMT+0800 (Malay Peninsula Standard Time)
[debug] [2018-10-26T08:46:21.431Z] ----------------------------------------------------------------------
[debug] 
[debug] [2018-10-26T08:46:21.431Z] > command requires scopes: ["email","openid","https://www.googleapis.com/auth/cloudplatformprojects.readonly","https://www.googleapis.com/auth/firebase","https://www.googleapis.com/auth/cloud-platform"]
[debug] [2018-10-26T08:46:21.431Z] > authorizing via signed-in user
[debug] [2018-10-26T08:46:21.446Z] >>> HTTP REQUEST GET https://admin.firebase.com/v1/projects/my-awesome-project-6dd85  
 
[debug] [2018-10-26T08:46:22.494Z] <<< HTTP RESPONSE 200
[debug] [2018-10-26T08:46:22.494Z] >>> HTTP REQUEST GET https://cloudresourcemanager.googleapis.com/v1/projects/my-awesome-project-6dd85  
 
[debug] [2018-10-26T08:46:23.793Z] <<< HTTP RESPONSE 200
[info] 
[info] === Serving from 'D:\projects\SAdashboard'...
[info] 
[debug] [2018-10-26T08:46:23.793Z] >>> HTTP REQUEST GET https://mobilesdk-pa.googleapis.com/v1/projects/125302731440/clients/_:getWebAppConfig  
 
[debug] [2018-10-26T08:46:24.215Z] <<< HTTP RESPONSE 200
[info] i  hosting[my-awesome-project-6dd85]: Serving hosting files from: public
[info] +  hosting[my-awesome-project-6dd85]: Local server: http://localhost:5000
[debug] [2018-10-26T08:47:23.284Z] ----------------------------------------------------------------------
[debug] [2018-10-26T08:47:23.284Z] Command:       D:\Program Files\nodejs\node.exe C:\Users\MSI\AppData\Roaming\npm\node_modules\firebase-tools\bin\firebase serve
[debug] [2018-10-26T08:47:23.284Z] CLI Version:   4.2.1
[debug] [2018-10-26T08:47:23.284Z] Platform:      win32
[debug] [2018-10-26T08:47:23.284Z] Node Version:  v8.12.0
[debug] [2018-10-26T08:47:23.284Z] Time:          Fri Oct 26 2018 16:47:23 GMT+0800 (Malay Peninsula Standard Time)
[debug] [2018-10-26T08:47:23.284Z] ----------------------------------------------------------------------
[debug] 
[debug] [2018-10-26T08:47:23.300Z] > command requires scopes: ["email","openid","https://www.googleapis.com/auth/cloudplatformprojects.readonly","https://www.googleapis.com/auth/firebase","https://www.googleapis.com/auth/cloud-platform"]
[debug] [2018-10-26T08:47:23.300Z] > authorizing via signed-in user
[debug] [2018-10-26T08:47:23.300Z] >>> HTTP REQUEST GET https://admin.firebase.com/v1/projects/my-awesome-project-6dd85  
 
[debug] [2018-10-26T08:47:24.347Z] <<< HTTP RESPONSE 200
[debug] [2018-10-26T08:47:24.347Z] >>> HTTP REQUEST GET https://cloudresourcemanager.googleapis.com/v1/projects/my-awesome-project-6dd85  
 
[debug] [2018-10-26T08:47:25.687Z] <<< HTTP RESPONSE 200
[info] 
[info] === Serving from 'D:\projects\SAdashboard'...
[info] 
[debug] [2018-10-26T08:47:25.687Z] >>> HTTP REQUEST GET https://mobilesdk-pa.googleapis.com/v1/projects/125302731440/clients/_:getWebAppConfig  
 
[debug] [2018-10-26T08:47:26.063Z] <<< HTTP RESPONSE 200
[info] i  hosting[my-awesome-project-6dd85]: Serving hosting files from: public
[info] +  hosting[my-awesome-project-6dd85]: Local server: http://localhost:5000
[debug] [2018-10-26T08:58:01.420Z] ----------------------------------------------------------------------
[debug] [2018-10-26T08:58:01.420Z] Command:       D:\Program Files\nodejs\node.exe C:\Users\MSI\AppData\Roaming\npm\node_modules\firebase-tools\bin\firebase serve
[debug] [2018-10-26T08:58:01.420Z] CLI Version:   4.2.1
[debug] [2018-10-26T08:58:01.420Z] Platform:      win32
[debug] [2018-10-26T08:58:01.420Z] Node Version:  v8.12.0
[debug] [2018-10-26T08:58:01.420Z] Time:          Fri Oct 26 2018 16:58:01 GMT+0800 (Malay Peninsula Standard Time)
[debug] [2018-10-26T08:58:01.420Z] ----------------------------------------------------------------------
[debug] 
[debug] [2018-10-26T08:58:01.436Z] > command requires scopes: ["email","openid","https://www.googleapis.com/auth/cloudplatformprojects.readonly","https://www.googleapis.com/auth/firebase","https://www.googleapis.com/auth/cloud-platform"]
[debug] [2018-10-26T08:58:01.436Z] > authorizing via signed-in user
[debug] [2018-10-26T08:58:01.436Z] >>> HTTP REQUEST GET https://admin.firebase.com/v1/projects/my-awesome-project-6dd85  
 
[debug] [2018-10-26T08:58:02.530Z] <<< HTTP RESPONSE 200
[debug] [2018-10-26T08:58:02.530Z] >>> HTTP REQUEST GET https://cloudresourcemanager.googleapis.com/v1/projects/my-awesome-project-6dd85  
 
[debug] [2018-10-26T08:58:02.969Z] <<< HTTP RESPONSE 200
[info] 
[info] === Serving from 'D:\projects\SAdashboard'...
[info] 
[debug] [2018-10-26T08:58:02.969Z] >>> HTTP REQUEST GET https://mobilesdk-pa.googleapis.com/v1/projects/125302731440/clients/_:getWebAppConfig  
 
[debug] [2018-10-26T08:58:03.406Z] <<< HTTP RESPONSE 200
[info] i  hosting[my-awesome-project-6dd85]: Serving hosting files from: public
[info] +  hosting[my-awesome-project-6dd85]: Local server: http://localhost:5000
[debug] [2018-10-26T08:59:32.847Z] ----------------------------------------------------------------------
[debug] [2018-10-26T08:59:32.863Z] Command:       D:\Program Files\nodejs\node.exe C:\Users\MSI\AppData\Roaming\npm\node_modules\firebase-tools\bin\firebase serve
[debug] [2018-10-26T08:59:32.863Z] CLI Version:   4.2.1
[debug] [2018-10-26T08:59:32.863Z] Platform:      win32
[debug] [2018-10-26T08:59:32.863Z] Node Version:  v8.12.0
[debug] [2018-10-26T08:59:32.863Z] Time:          Fri Oct 26 2018 16:59:32 GMT+0800 (Malay Peninsula Standard Time)
[debug] [2018-10-26T08:59:32.863Z] ----------------------------------------------------------------------
[debug] 
[debug] [2018-10-26T08:59:32.863Z] > command requires scopes: ["email","openid","https://www.googleapis.com/auth/cloudplatformprojects.readonly","https://www.googleapis.com/auth/firebase","https://www.googleapis.com/auth/cloud-platform"]
[debug] [2018-10-26T08:59:32.863Z] > authorizing via signed-in user
[debug] [2018-10-26T08:59:32.863Z] >>> HTTP REQUEST GET https://admin.firebase.com/v1/projects/my-awesome-project-6dd85  
 
[debug] [2018-10-26T08:59:33.895Z] <<< HTTP RESPONSE 200
[debug] [2018-10-26T08:59:33.895Z] >>> HTTP REQUEST GET https://cloudresourcemanager.googleapis.com/v1/projects/my-awesome-project-6dd85  
 
[debug] [2018-10-26T08:59:35.203Z] <<< HTTP RESPONSE 200
[info] 
[info] === Serving from 'D:\projects\SAdashboard'...
[info] 
[debug] [2018-10-26T08:59:35.203Z] >>> HTTP REQUEST GET https://mobilesdk-pa.googleapis.com/v1/projects/125302731440/clients/_:getWebAppConfig  
 
[debug] [2018-10-26T08:59:35.594Z] <<< HTTP RESPONSE 200
[info] i  hosting[my-awesome-project-6dd85]: Serving hosting files from: public
[info] +  hosting[my-awesome-project-6dd85]: Local server: http://localhost:5000
[debug] [2018-10-26T09:01:51.306Z] ----------------------------------------------------------------------
[debug] [2018-10-26T09:01:51.306Z] Command:       D:\Program Files\nodejs\node.exe C:\Users\MSI\AppData\Roaming\npm\node_modules\firebase-tools\bin\firebase serve
[debug] [2018-10-26T09:01:51.306Z] CLI Version:   4.2.1
[debug] [2018-10-26T09:01:51.306Z] Platform:      win32
[debug] [2018-10-26T09:01:51.306Z] Node Version:  v8.12.0
[debug] [2018-10-26T09:01:51.306Z] Time:          Fri Oct 26 2018 17:01:51 GMT+0800 (Malay Peninsula Standard Time)
[debug] [2018-10-26T09:01:51.306Z] ----------------------------------------------------------------------
[debug] 
[debug] [2018-10-26T09:01:51.322Z] > command requires scopes: ["email","openid","https://www.googleapis.com/auth/cloudplatformprojects.readonly","https://www.googleapis.com/auth/firebase","https://www.googleapis.com/auth/cloud-platform"]
[debug] [2018-10-26T09:01:51.322Z] > authorizing via signed-in user
[debug] [2018-10-26T09:01:51.322Z] >>> HTTP REQUEST GET https://admin.firebase.com/v1/projects/my-awesome-project-6dd85  
 
[debug] [2018-10-26T09:01:52.354Z] <<< HTTP RESPONSE 200
[debug] [2018-10-26T09:01:52.354Z] >>> HTTP REQUEST GET https://cloudresourcemanager.googleapis.com/v1/projects/my-awesome-project-6dd85  
 
[debug] [2018-10-26T09:01:53.667Z] <<< HTTP RESPONSE 200
[info] 
[info] === Serving from 'D:\projects\SAdashboard'...
[info] 
[debug] [2018-10-26T09:01:53.667Z] >>> HTTP REQUEST GET https://mobilesdk-pa.googleapis.com/v1/projects/125302731440/clients/_:getWebAppConfig  
 
[debug] [2018-10-26T09:01:54.075Z] <<< HTTP RESPONSE 200
[info] i  hosting[my-awesome-project-6dd85]: Serving hosting files from: public
[info] +  hosting[my-awesome-project-6dd85]: Local server: http://localhost:5000
[debug] [2018-10-26T09:03:16.050Z] ----------------------------------------------------------------------
[debug] [2018-10-26T09:03:16.050Z] Command:       D:\Program Files\nodejs\node.exe C:\Users\MSI\AppData\Roaming\npm\node_modules\firebase-tools\bin\firebase serve
[debug] [2018-10-26T09:03:16.050Z] CLI Version:   4.2.1
[debug] [2018-10-26T09:03:16.050Z] Platform:      win32
[debug] [2018-10-26T09:03:16.050Z] Node Version:  v8.12.0
[debug] [2018-10-26T09:03:16.050Z] Time:          Fri Oct 26 2018 17:03:16 GMT+0800 (Malay Peninsula Standard Time)
[debug] [2018-10-26T09:03:16.050Z] ----------------------------------------------------------------------
[debug] 
[debug] [2018-10-26T09:03:16.066Z] > command requires scopes: ["email","openid","https://www.googleapis.com/auth/cloudplatformprojects.readonly","https://www.googleapis.com/auth/firebase","https://www.googleapis.com/auth/cloud-platform"]
[debug] [2018-10-26T09:03:16.066Z] > authorizing via signed-in user
[debug] [2018-10-26T09:03:16.066Z] >>> HTTP REQUEST GET https://admin.firebase.com/v1/projects/my-awesome-project-6dd85  
 
[debug] [2018-10-26T09:03:17.209Z] <<< HTTP RESPONSE 200
[debug] [2018-10-26T09:03:17.209Z] >>> HTTP REQUEST GET https://cloudresourcemanager.googleapis.com/v1/projects/my-awesome-project-6dd85  
 
[debug] [2018-10-26T09:03:18.506Z] <<< HTTP RESPONSE 200
[info] 
[info] === Serving from 'D:\projects\SAdashboard'...
[info] 
[debug] [2018-10-26T09:03:18.506Z] >>> HTTP REQUEST GET https://mobilesdk-pa.googleapis.com/v1/projects/125302731440/clients/_:getWebAppConfig  
 
[debug] [2018-10-26T09:03:18.976Z] <<< HTTP RESPONSE 200
[info] i  hosting[my-awesome-project-6dd85]: Serving hosting files from: public
[info] +  hosting[my-awesome-project-6dd85]: Local server: http://localhost:5000
[debug] [2018-10-26T09:03:56.844Z] ----------------------------------------------------------------------
[debug] [2018-10-26T09:03:56.844Z] Command:       D:\Program Files\nodejs\node.exe C:\Users\MSI\AppData\Roaming\npm\node_modules\firebase-tools\bin\firebase serve
[debug] [2018-10-26T09:03:56.844Z] CLI Version:   4.2.1
[debug] [2018-10-26T09:03:56.844Z] Platform:      win32
[debug] [2018-10-26T09:03:56.844Z] Node Version:  v8.12.0
[debug] [2018-10-26T09:03:56.844Z] Time:          Fri Oct 26 2018 17:03:56 GMT+0800 (Malay Peninsula Standard Time)
[debug] [2018-10-26T09:03:56.844Z] ----------------------------------------------------------------------
[debug] 
[debug] [2018-10-26T09:03:56.860Z] > command requires scopes: ["email","openid","https://www.googleapis.com/auth/cloudplatformprojects.readonly","https://www.googleapis.com/auth/firebase","https://www.googleapis.com/auth/cloud-platform"]
[debug] [2018-10-26T09:03:56.860Z] > authorizing via signed-in user
[debug] [2018-10-26T09:03:56.860Z] >>> HTTP REQUEST GET https://admin.firebase.com/v1/projects/my-awesome-project-6dd85  
 
[debug] [2018-10-26T09:03:57.877Z] <<< HTTP RESPONSE 200
[debug] [2018-10-26T09:03:57.877Z] >>> HTTP REQUEST GET https://cloudresourcemanager.googleapis.com/v1/projects/my-awesome-project-6dd85  
 
[debug] [2018-10-26T09:03:59.217Z] <<< HTTP RESPONSE 200
[info] 
[info] === Serving from 'D:\projects\SAdashboard'...
[info] 
[debug] [2018-10-26T09:03:59.217Z] >>> HTTP REQUEST GET https://mobilesdk-pa.googleapis.com/v1/projects/125302731440/clients/_:getWebAppConfig  
 
[debug] [2018-10-26T09:03:59.655Z] <<< HTTP RESPONSE 200
[info] i  hosting[my-awesome-project-6dd85]: Serving hosting files from: public
[info] +  hosting[my-awesome-project-6dd85]: Local server: http://localhost:5000
[debug] [2018-10-26T09:08:11.602Z] ----------------------------------------------------------------------
[debug] [2018-10-26T09:08:11.602Z] Command:       D:\Program Files\nodejs\node.exe C:\Users\MSI\AppData\Roaming\npm\node_modules\firebase-tools\bin\firebase serve
[debug] [2018-10-26T09:08:11.602Z] CLI Version:   4.2.1
[debug] [2018-10-26T09:08:11.602Z] Platform:      win32
[debug] [2018-10-26T09:08:11.602Z] Node Version:  v8.12.0
[debug] [2018-10-26T09:08:11.602Z] Time:          Fri Oct 26 2018 17:08:11 GMT+0800 (Malay Peninsula Standard Time)
[debug] [2018-10-26T09:08:11.602Z] ----------------------------------------------------------------------
[debug] 
[debug] [2018-10-26T09:08:11.617Z] > command requires scopes: ["email","openid","https://www.googleapis.com/auth/cloudplatformprojects.readonly","https://www.googleapis.com/auth/firebase","https://www.googleapis.com/auth/cloud-platform"]
[debug] [2018-10-26T09:08:11.617Z] > authorizing via signed-in user
[debug] [2018-10-26T09:08:11.617Z] >>> HTTP REQUEST GET https://admin.firebase.com/v1/projects/my-awesome-project-6dd85  
 
[debug] [2018-10-26T09:08:12.650Z] <<< HTTP RESPONSE 200
[debug] [2018-10-26T09:08:12.650Z] >>> HTTP REQUEST GET https://cloudresourcemanager.googleapis.com/v1/projects/my-awesome-project-6dd85  
 
[debug] [2018-10-26T09:08:14.011Z] <<< HTTP RESPONSE 200
[info] 
[info] === Serving from 'D:\projects\SAdashboard'...
[info] 
[debug] [2018-10-26T09:08:14.011Z] >>> HTTP REQUEST GET https://mobilesdk-pa.googleapis.com/v1/projects/125302731440/clients/_:getWebAppConfig  
 
[debug] [2018-10-26T09:08:14.417Z] <<< HTTP RESPONSE 200
[info] i  hosting[my-awesome-project-6dd85]: Serving hosting files from: public
[info] +  hosting[my-awesome-project-6dd85]: Local server: http://localhost:5000
